  PHG.cpp
D:\boost_1_82_0\boost\mpi\detail\mpi_datatype_primitive.hpp(62,34): warning C4267: “参数”: 从“size_t”转换到“int”，可能丢失数据
D:\boost_1_82_0\boost\mpi\detail\mpi_datatype_primitive.hpp(81,8): warning C4267: “参数”: 从“size_t”转换到“int”，可能丢失数据
D:\boost_1_82_0\boost\mpi\detail\packed_iprimitive.hpp(62,38): warning C4267: “参数”: 从“size_t”转换到“int”，可能丢失数据
D:\boost_1_82_0\boost\mpi\detail\packed_iprimitive.hpp(106,7): warning C4267: “参数”: 从“size_t”转换到“int”，可能丢失数据
D:\boost_1_82_0\boost\mpi\detail\binary_buffer_iprimitive.hpp(64,25): warning C4267: “参数”: 从“size_t”转换到“int”，可能丢失数据
D:\boost_1_82_0\boost\mpi\detail\packed_oprimitive.hpp(56,38): warning C4267: “参数”: 从“size_t”转换到“int”，可能丢失数据
D:\boost_1_82_0\boost\mpi\detail\packed_oprimitive.hpp(100,20): warning C4267: “初始化”: 从“size_t”转换到“int”，可能丢失数据
D:\boost_1_82_0\boost\mpi\detail\packed_oprimitive.hpp(104,7): warning C4267: “参数”: 从“size_t”转换到“int”，可能丢失数据
D:\boost_1_82_0\boost\mpi\detail\binary_buffer_oprimitive.hpp(58,25): warning C4267: “参数”: 从“size_t”转换到“int”，可能丢失数据
C:\Users\qianxian\Documents\GitHub\PHG\PHG.cpp(116,22): warning C4244: “参数”: 从“time_t”转换到“unsigned int”，可能丢失数据
C:\Users\qianxian\Documents\GitHub\PHG\PHG.cpp(117,41): warning C4267: “初始化”: 从“size_t”转换到“int”，可能丢失数据
C:\Users\qianxian\Documents\GitHub\PHG\PHG.cpp(117,26): warning C4267: “初始化”: 从“size_t”转换到“const int”，可能丢失数据
C:\Users\qianxian\Documents\GitHub\PHG\PHG.cpp(118,66): warning C4267: “初始化”: 从“size_t”转换到“int”，可能丢失数据
C:\Users\qianxian\Documents\GitHub\PHG\PHG.cpp(118,26): warning C4267: “初始化”: 从“size_t”转换到“const int”，可能丢失数据
C:\Users\qianxian\Documents\GitHub\PHG\PHG.cpp(437,114): warning C4267: “参数”: 从“size_t”转换到“int”，可能丢失数据
C:\Users\qianxian\Documents\GitHub\PHG\PHG.cpp(653,85): warning C4267: “参数”: 从“size_t”转换到“_Ty”，可能丢失数据
          with
          [
              _Ty=int
          ]
C:\Users\qianxian\Documents\GitHub\PHG\PHG.cpp(686,114): warning C4267: “参数”: 从“size_t”转换到“int”，可能丢失数据
C:\Users\qianxian\Documents\GitHub\PHG\PHG.cpp(766,36): warning C4267: “=”: 从“size_t”转换到“int”，可能丢失数据
C:\Users\qianxian\Documents\GitHub\PHG\PHG.cpp(785,36): warning C4267: “=”: 从“size_t”转换到“int”，可能丢失数据
D:\boost_1_82_0\boost\mpi\detail\binary_buffer_oprimitive.hpp(92,32): warning C4267: “参数”: 从“size_t”转换到“int”，可能丢失数据
D:\boost_1_82_0\boost\archive\detail\oserializer.hpp(95,11): message : 查看对正在编译的函数 模板 实例化“void boost::mpi::binary_buffer_oprimitive::save<char>(const std::basic_string<char,std::char_traits<char>,std::allocator<char>> &)”的引用
D:\boost_1_82_0\boost\archive\detail\oserializer.hpp(239,26): message : 查看对正在编译的函数 模板 实例化“void boost::archive::save_access::save_primitive<Archive,T>(Archive &,const T &)”的引用
          with
          [
              Archive=boost::mpi::packed_oarchive,
              T=std::string
          ]
D:\boost_1_82_0\boost\archive\detail\oserializer.hpp(317,16): message : 查看对正在编译的函数 模板 实例化“void boost::archive::detail::save_non_pointer_type<Archive>::save_primitive::invoke<T>(Archive &,const T &)”的引用
          with
          [
              Archive=boost::mpi::packed_oarchive,
              T=std::string
          ]
D:\boost_1_82_0\boost\archive\detail\oserializer.hpp(541,12): message : 查看对正在编译的函数 模板 实例化“void boost::archive::detail::save_non_pointer_type<Archive>::invoke<const T>(Archive &,const T &)”的引用
          with
          [
              Archive=boost::mpi::packed_oarchive,
              T=std::string
          ]
D:\boost_1_82_0\boost\archive\detail\common_oarchive.hpp(71,18): message : 查看对正在编译的函数 模板 实例化“void boost::archive::save<Archive,T>(Archive &,T &)”的引用
          with
          [
              Archive=boost::mpi::packed_oarchive,
              T=std::string
          ]
D:\boost_1_82_0\boost\mpi\packed_oarchive.hpp(97,56): message : 查看对正在编译的函数 模板 实例化“void boost::archive::detail::common_oarchive<boost::mpi::packed_oarchive>::save_override<const T>(T &)”的引用
          with
          [
              T=std::string
          ]
D:\boost_1_82_0\boost\mpi\packed_oarchive.hpp(112,5): message : 查看对正在编译的函数 模板 实例化“void boost::mpi::packed_oarchive::save_override<T>(const T &,boost::mpl::false_)”的引用
          with
          [
              T=std::string
          ]
D:\boost_1_82_0\boost\archive\detail\interface_oarchive.hpp(70,21): message : 查看对正在编译的函数 模板 实例化“void boost::mpi::packed_oarchive::save_override<T>(const T &)”的引用
          with
          [
              T=std::string
          ]
D:\boost_1_82_0\boost\mpi\packed_oarchive.hpp(121,22): message : 查看对正在编译的函数 模板 实例化“Archive &boost::archive::detail::interface_oarchive<Archive>::operator <<<std::string>(const T &)”的引用
          with
          [
              Archive=boost::mpi::packed_oarchive,
              T=std::string
          ]
D:\boost_1_82_0\boost\mpi\packed_oarchive.hpp(121,22): message : 请参阅 "boost::mpi::packed_oarchive::save_override" 中对 "boost::archive::detail::interface_oarchive<Archive>::operator <<" 的第一个引用
          with
          [
              Archive=boost::mpi::packed_oarchive
          ]
D:\boost_1_82_0\boost\mpi\detail\binary_buffer_iprimitive.hpp(73,41): warning C4267: “参数”: 从“size_t”转换到“int”，可能丢失数据
D:\boost_1_82_0\boost\serialization\array_wrapper.hpp(80,9): message : 查看对正在编译的函数 模板 实例化“void boost::mpi::binary_buffer_iprimitive::load_array<U>(const boost::serialization::array_wrapper<U> &,unsigned int)”的引用
          with
          [
              U=MPI_Datatype
          ]
D:\boost_1_82_0\boost\serialization\access.hpp(99,10): message : 查看对正在编译的函数 模板 实例化“void boost::serialization::array_wrapper<U>::load<Archive>(Archive &,const unsigned int)”的引用
          with
          [
              U=MPI_Datatype,
              Archive=boost::mpi::packed_iarchive
          ]
D:\boost_1_82_0\boost\serialization\split_member.hpp(54,21): message : 查看对正在编译的函数 模板 实例化“void boost::serialization::access::member_load<Archive,T>(Archive &,T &,const unsigned int)”的引用
          with
          [
              Archive=boost::mpi::packed_iarchive,
              T=boost::serialization::array_wrapper<MPI_Datatype>
          ]
D:\boost_1_82_0\boost\serialization\split_member.hpp(49,21): message : 在编译 类 模板 成员函数“void boost::serialization::detail::member_loader<Archive,T>::invoke(Archive &,T &,const unsigned int)”时
          with
          [
              Archive=boost::mpi::packed_iarchive,
              T=boost::serialization::array_wrapper<MPI_Datatype>
          ]
D:\boost_1_82_0\boost\serialization\split_member.hpp(69,18): message : 请参阅 "boost::serialization::split_member" 中对 "boost::serialization::detail::member_loader<Archive,T>::invoke" 的第一个引用
          with
          [
              Archive=boost::mpi::packed_iarchive,
              T=boost::serialization::array_wrapper<MPI_Datatype>
          ]
D:\boost_1_82_0\boost\serialization\split_member.hpp(69,1): message : 查看对正在编译的 类 模板 实例化“boost::serialization::detail::member_loader<Archive,T>”的引用
          with
          [
              Archive=boost::mpi::packed_iarchive,
              T=boost::serialization::array_wrapper<MPI_Datatype>
          ]
D:\boost_1_82_0\boost\serialization\array_wrapper.hpp(66,29): message : 查看对正在编译的函数 模板 实例化“void boost::serialization::split_member<Archive,boost::serialization::array_wrapper<U>>(Archive &,T &,const unsigned int)”的引用
          with
          [
              Archive=boost::mpi::packed_iarchive,
              U=MPI_Datatype,
              T=boost::serialization::array_wrapper<MPI_Datatype>
          ]
D:\boost_1_82_0\boost\serialization\array_wrapper.hpp(91,7): message : 查看对正在编译的函数 模板 实例化“void boost::serialization::array_wrapper<U>::serialize_optimized<Archive>(Archive &,const unsigned int,boost::mpl::true_)”的引用
          with
          [
              U=MPI_Datatype,
              Archive=boost::mpi::packed_iarchive
          ]
D:\boost_1_82_0\boost\serialization\access.hpp(116,10): message : 查看对正在编译的函数 模板 实例化“void boost::serialization::array_wrapper<U>::serialize<Archive>(Archive &,const unsigned int)”的引用
          with
          [
              U=MPI_Datatype,
              Archive=boost::mpi::packed_iarchive
          ]
D:\boost_1_82_0\boost\serialization\serialization.hpp(59,13): message : 查看对正在编译的函数 模板 实例化“void boost::serialization::access::serialize<Archive,T>(Archive &,T &,const unsigned int)”的引用
          with
          [
              Archive=boost::mpi::packed_iarchive,
              T=const boost::serialization::array_wrapper<MPI_Datatype>
          ]
D:\boost_1_82_0\boost\serialization\serialization.hpp(109,5): message : 查看对正在编译的函数 模板 实例化“void boost::serialization::serialize<Archive,T>(Archive &,T &,const unsigned int)”的引用
          with
          [
              Archive=boost::mpi::packed_iarchive,
              T=const boost::serialization::array_wrapper<MPI_Datatype>
          ]
D:\boost_1_82_0\boost\archive\detail\iserializer.hpp(397,35): message : 查看对正在编译的函数 模板 实例化“void boost::serialization::serialize_adl<Archive,T>(Archive &,T &,const unsigned int)”的引用
          with
          [
              Archive=boost::mpi::packed_iarchive,
              T=const boost::serialization::array_wrapper<MPI_Datatype>
          ]
D:\boost_1_82_0\boost\archive\detail\iserializer.hpp(463,16): message : 查看对正在编译的函数 模板 实例化“void boost::archive::detail::load_non_pointer_type<Archive>::load_only::invoke<const T>(Archive &,const T &)”的引用
          with
          [
              Archive=boost::mpi::packed_iarchive,
              T=const boost::serialization::array_wrapper<MPI_Datatype>
          ]
D:\boost_1_82_0\boost\archive\detail\iserializer.hpp(626,12): message : 查看对正在编译的函数 模板 实例化“void boost::archive::detail::load_non_pointer_type<Archive>::invoke<T>(Archive &,T &)”的引用
          with
          [
              Archive=boost::mpi::packed_iarchive,
              T=const boost::serialization::array_wrapper<MPI_Datatype>
          ]
D:\boost_1_82_0\boost\archive\detail\common_iarchive.hpp(67,18): message : 查看对正在编译的函数 模板 实例化“void boost::archive::load<Archive,T>(Archive &,T &)”的引用
          with
          [
              Archive=boost::mpi::packed_iarchive,
              T=const boost::serialization::array_wrapper<MPI_Datatype>
          ]
D:\boost_1_82_0\boost\mpi\packed_iarchive.hpp(99,56): message : 查看对正在编译的函数 模板 实例化“void boost::archive::detail::common_iarchive<boost::mpi::packed_iarchive>::load_override<T>(T &)”的引用
          with
          [
              T=const boost::serialization::array_wrapper<MPI_Datatype>
          ]
D:\boost_1_82_0\boost\mpi\packed_iarchive.hpp(116,5): message : 查看对正在编译的函数 模板 实例化“void boost::mpi::packed_iarchive::load_override<T>(T &,boost::mpl::false_)”的引用
          with
          [
              T=const boost::serialization::array_wrapper<MPI_Datatype>
          ]
D:\boost_1_82_0\boost\archive\detail\interface_iarchive.hpp(68,21): message : 查看对正在编译的函数 模板 实例化“void boost::mpi::packed_iarchive::load_override<T>(T &)”的引用
          with
          [
              T=const boost::serialization::array_wrapper<MPI_Datatype>
          ]
D:\boost_1_82_0\boost\serialization\vector.hpp(128,12): message : 查看对正在编译的函数 模板 实例化“Archive &boost::archive::detail::interface_iarchive<Archive>::operator >><const boost::serialization::array_wrapper<U>>(T &)”的引用
          with
          [
              Archive=boost::mpi::packed_iarchive,
              U=MPI_Datatype,
              T=const boost::serialization::array_wrapper<MPI_Datatype>
          ]
D:\boost_1_82_0\boost\serialization\vector.hpp(166,5): message : 查看对正在编译的函数 模板 实例化“void boost::serialization::load<Archive,MPI_Datatype,std::allocator<MPI_Datatype>>(Archive &,std::vector<MPI_Datatype,std::allocator<MPI_Datatype>> &,const unsigned int,boost::mpl::true_)”的引用
          with
          [
              Archive=boost::mpi::packed_iarchive
          ]
D:\boost_1_82_0\boost\serialization\split_free.hpp(58,9): message : 查看对正在编译的函数 模板 实例化“void boost::serialization::load<Archive,MPI_Datatype,std::allocator<MPI_Datatype>>(Archive &,std::vector<MPI_Datatype,std::allocator<MPI_Datatype>> &,const unsigned int)”的引用
          with
          [
              Archive=boost::mpi::packed_iarchive
          ]
D:\boost_1_82_0\boost\serialization\split_free.hpp(50,17): message : 在编译 类 模板 成员函数“void boost::serialization::free_loader<Archive,T>::invoke(Archive &,T &,const unsigned int)”时
          with
          [
              Archive=boost::mpi::packed_iarchive,
              T=std::vector<MPI_Datatype,std::allocator<MPI_Datatype>>
          ]
D:\boost_1_82_0\boost\serialization\split_free.hpp(74,18): message : 请参阅 "boost::serialization::split_free" 中对 "boost::serialization::free_loader<Archive,T>::invoke" 的第一个引用
          with
          [
              Archive=boost::mpi::packed_iarchive,
              T=std::vector<MPI_Datatype,std::allocator<MPI_Datatype>>
          ]
D:\boost_1_82_0\boost\serialization\split_free.hpp(74,1): message : 查看对正在编译的 类 模板 实例化“boost::serialization::free_loader<Archive,T>”的引用
          with
          [
              Archive=boost::mpi::packed_iarchive,
              T=std::vector<MPI_Datatype,std::allocator<MPI_Datatype>>
          ]
D:\boost_1_82_0\boost\serialization\vector.hpp(177,27): message : 查看对正在编译的函数 模板 实例化“void boost::serialization::split_free<Archive,std::vector<MPI_Datatype,std::allocator<MPI_Datatype>>>(Archive &,T &,const unsigned int)”的引用
          with
          [
              Archive=boost::mpi::packed_iarchive,
              T=std::vector<MPI_Datatype,std::allocator<MPI_Datatype>>
          ]
D:\boost_1_82_0\boost\serialization\serialization.hpp(109,5): message : 查看对正在编译的函数 模板 实例化“void boost::serialization::serialize<Archive,MPI_Datatype,std::allocator<MPI_Datatype>>(Archive &,std::vector<MPI_Datatype,std::allocator<MPI_Datatype>> &,const unsigned int)”的引用
          with
          [
              Archive=boost::mpi::packed_iarchive
          ]
D:\boost_1_82_0\boost\archive\detail\iserializer.hpp(189,27): message : 查看对正在编译的函数 模板 实例化“void boost::serialization::serialize_adl<Archive,T>(Archive &,T &,const unsigned int)”的引用
          with
          [
              Archive=boost::mpi::packed_iarchive,
              T=std::vector<MPI_Datatype,std::allocator<MPI_Datatype>>
          ]
D:\boost_1_82_0\boost\archive\detail\iserializer.hpp(171,9): message : 在编译 类 模板 成员函数“void boost::archive::detail::iserializer<Archive,T>::load_object_data(boost::archive::detail::basic_iarchive &,void *,const unsigned int) const”时
          with
          [
              Archive=boost::mpi::packed_iarchive,
              T=std::vector<MPI_Datatype,std::allocator<MPI_Datatype>>
          ]
D:\boost_1_82_0\boost\archive\detail\iserializer.hpp(415,38): message : 查看对正在编译的 类 模板 实例化“boost::archive::detail::iserializer<Archive,T>”的引用
          with
          [
              Archive=boost::mpi::packed_iarchive,
              T=std::vector<MPI_Datatype,std::allocator<MPI_Datatype>>
          ]
D:\boost_1_82_0\boost\archive\detail\iserializer.hpp(424,32): message : 查看对正在编译的函数 模板 实例化“void boost::archive::detail::load_non_pointer_type<Archive>::load_standard::invoke<T>(Archive &,const T &)”的引用
          with
          [
              Archive=boost::mpi::packed_iarchive,
              T=std::vector<MPI_Datatype,std::allocator<MPI_Datatype>>
          ]
D:\boost_1_82_0\boost\archive\detail\iserializer.hpp(463,16): message : 查看对正在编译的函数 模板 实例化“void boost::archive::detail::load_non_pointer_type<Archive>::load_conditional::invoke<T>(Archive &,T &)”的引用
          with
          [
              Archive=boost::mpi::packed_iarchive,
              T=std::vector<MPI_Datatype,std::allocator<MPI_Datatype>>
          ]
D:\boost_1_82_0\boost\archive\detail\iserializer.hpp(626,12): message : 查看对正在编译的函数 模板 实例化“void boost::archive::detail::load_non_pointer_type<Archive>::invoke<T>(Archive &,T &)”的引用
          with
          [
              Archive=boost::mpi::packed_iarchive,
              T=std::vector<MPI_Datatype,std::allocator<MPI_Datatype>>
          ]
D:\boost_1_82_0\boost\archive\detail\common_iarchive.hpp(67,18): message : 查看对正在编译的函数 模板 实例化“void boost::archive::load<Archive,T>(Archive &,T &)”的引用
          with
          [
              Archive=boost::mpi::packed_iarchive,
              T=std::vector<MPI_Datatype,std::allocator<MPI_Datatype>>
          ]
D:\boost_1_82_0\boost\mpi\packed_iarchive.hpp(99,56): message : 查看对正在编译的函数 模板 实例化“void boost::archive::detail::common_iarchive<boost::mpi::packed_iarchive>::load_override<T>(T &)”的引用
          with
          [
              T=std::vector<MPI_Datatype,std::allocator<MPI_Datatype>>
          ]
D:\boost_1_82_0\boost\mpi\packed_iarchive.hpp(116,5): message : 查看对正在编译的函数 模板 实例化“void boost::mpi::packed_iarchive::load_override<T>(T &,boost::mpl::false_)”的引用
          with
          [
              T=std::vector<MPI_Datatype,std::allocator<MPI_Datatype>>
          ]
D:\boost_1_82_0\boost\archive\detail\interface_iarchive.hpp(68,21): message : 查看对正在编译的函数 模板 实例化“void boost::mpi::packed_iarchive::load_override<T>(T &)”的引用
          with
          [
              T=std::vector<MPI_Datatype,std::allocator<MPI_Datatype>>
          ]
D:\boost_1_82_0\boost\archive\detail\interface_iarchive.hpp(75,32): message : 查看对正在编译的函数 模板 实例化“Archive &boost::archive::detail::interface_iarchive<Archive>::operator >><T>(T &)”的引用
          with
          [
              Archive=boost::mpi::packed_iarchive,
              T=std::vector<MPI_Datatype,std::allocator<MPI_Datatype>>
          ]
C:\Users\qianxian\Documents\GitHub\PHG\PHG.cpp(61,15): message : 查看对正在编译的函数 模板 实例化“Archive &boost::archive::detail::interface_iarchive<Archive>::operator &<std::vector<MPI_Datatype,std::allocator<MPI_Datatype>>>(T &)”的引用
          with
          [
              Archive=boost::mpi::packed_iarchive,
              T=std::vector<MPI_Datatype,std::allocator<MPI_Datatype>>
          ]
D:\boost_1_82_0\boost\serialization\serialization.hpp(109,5): message : 查看对正在编译的函数 模板 实例化“void boost::serialization::serialize<Archive>(Archive &,Horizon &,const unsigned int)”的引用
          with
          [
              Archive=boost::mpi::packed_iarchive
          ]
D:\boost_1_82_0\boost\archive\detail\iserializer.hpp(189,27): message : 查看对正在编译的函数 模板 实例化“void boost::serialization::serialize_adl<Archive,T>(Archive &,T &,const unsigned int)”的引用
          with
          [
              Archive=boost::mpi::packed_iarchive,
              T=Horizon
          ]
D:\boost_1_82_0\boost\archive\detail\iserializer.hpp(171,9): message : 在编译 类 模板 成员函数“void boost::archive::detail::iserializer<Archive,T>::load_object_data(boost::archive::detail::basic_iarchive &,void *,const unsigned int) const”时
          with
          [
              Archive=boost::mpi::packed_iarchive,
              T=Horizon
          ]
D:\boost_1_82_0\boost\archive\detail\iserializer.hpp(415,38): message : 查看对正在编译的 类 模板 实例化“boost::archive::detail::iserializer<Archive,T>”的引用
          with
          [
              Archive=boost::mpi::packed_iarchive,
              T=Horizon
          ]
D:\boost_1_82_0\boost\archive\detail\iserializer.hpp(463,16): message : 查看对正在编译的函数 模板 实例化“void boost::archive::detail::load_non_pointer_type<Archive>::load_standard::invoke<T>(Archive &,const T &)”的引用
          with
          [
              Archive=boost::mpi::packed_iarchive,
              T=Horizon
          ]
D:\boost_1_82_0\boost\archive\detail\iserializer.hpp(626,12): message : 查看对正在编译的函数 模板 实例化“void boost::archive::detail::load_non_pointer_type<Archive>::invoke<T>(Archive &,T &)”的引用
          with
          [
              Archive=boost::mpi::packed_iarchive,
              T=Horizon
          ]
D:\boost_1_82_0\boost\archive\detail\common_iarchive.hpp(67,18): message : 查看对正在编译的函数 模板 实例化“void boost::archive::load<Archive,T>(Archive &,T &)”的引用
          with
          [
              Archive=boost::mpi::packed_iarchive,
              T=Horizon
          ]
D:\boost_1_82_0\boost\mpi\packed_iarchive.hpp(99,56): message : 查看对正在编译的函数 模板 实例化“void boost::archive::detail::common_iarchive<boost::mpi::packed_iarchive>::load_override<T>(T &)”的引用
          with
          [
              T=Horizon
          ]
D:\boost_1_82_0\boost\mpi\packed_iarchive.hpp(116,5): message : 查看对正在编译的函数 模板 实例化“void boost::mpi::packed_iarchive::load_override<T>(T &,boost::mpl::false_)”的引用
          with
          [
              T=Horizon
          ]
D:\boost_1_82_0\boost\archive\detail\interface_iarchive.hpp(68,21): message : 查看对正在编译的函数 模板 实例化“void boost::mpi::packed_iarchive::load_override<T>(T &)”的引用
          with
          [
              T=Horizon
          ]
D:\boost_1_82_0\boost\serialization\nvp.hpp(56,8): message : 查看对正在编译的函数 模板 实例化“Archive &boost::archive::detail::interface_iarchive<Archive>::operator >><T>(T &)”的引用
          with
          [
              Archive=boost::mpi::packed_iarchive,
              T=Horizon
          ]
D:\boost_1_82_0\boost\serialization\split_free.hpp(58,9): message : 查看对正在编译的函数 模板 实例化“void boost::serialization::load<Archive,Horizon>(Archive &,boost::serialization::nvp<Horizon> &,const unsigned int)”的引用
          with
          [
              Archive=boost::mpi::packed_iarchive
          ]
D:\boost_1_82_0\boost\serialization\split_free.hpp(50,17): message : 在编译 类 模板 成员函数“void boost::serialization::free_loader<Archive,T>::invoke(Archive &,T &,const unsigned int)”时
          with
          [
              Archive=boost::mpi::packed_iarchive,
              T=boost::serialization::nvp<Horizon>
          ]
D:\boost_1_82_0\boost\serialization\split_free.hpp(74,18): message : 请参阅 "boost::serialization::split_free" 中对 "boost::serialization::free_loader<Archive,T>::invoke" 的第一个引用
          with
          [
              Archive=boost::mpi::packed_iarchive,
              T=boost::serialization::nvp<Horizon>
          ]
D:\boost_1_82_0\boost\serialization\split_free.hpp(74,1): message : 查看对正在编译的 类 模板 实例化“boost::serialization::free_loader<Archive,T>”的引用
          with
          [
              Archive=boost::mpi::packed_iarchive,
              T=boost::serialization::nvp<Horizon>
          ]
D:\boost_1_82_0\boost\serialization\nvp.hpp(65,5): message : 查看对正在编译的函数 模板 实例化“void boost::serialization::split_free<Archive,boost::serialization::nvp<Horizon>>(Archive &,T &,const unsigned int)”的引用
          with
          [
              Archive=boost::mpi::packed_iarchive,
              T=boost::serialization::nvp<Horizon>
          ]
D:\boost_1_82_0\boost\serialization\serialization.hpp(109,5): message : 查看对正在编译的函数 模板 实例化“void boost::serialization::serialize<Archive,Horizon>(Archive &,boost::serialization::nvp<Horizon> &,const unsigned int)”的引用
          with
          [
              Archive=boost::mpi::packed_iarchive
          ]
D:\boost_1_82_0\boost\archive\detail\iserializer.hpp(397,35): message : 查看对正在编译的函数 模板 实例化“void boost::serialization::serialize_adl<Archive,T>(Archive &,T &,const unsigned int)”的引用
          with
          [
              Archive=boost::mpi::packed_iarchive,
              T=const boost::serialization::nvp<Horizon>
          ]
D:\boost_1_82_0\boost\archive\detail\iserializer.hpp(463,16): message : 查看对正在编译的函数 模板 实例化“void boost::archive::detail::load_non_pointer_type<Archive>::load_only::invoke<const T>(Archive &,const T &)”的引用
          with
          [
              Archive=boost::mpi::packed_iarchive,
              T=const boost::serialization::nvp<Horizon>
          ]
D:\boost_1_82_0\boost\archive\detail\iserializer.hpp(626,12): message : 查看对正在编译的函数 模板 实例化“void boost::archive::detail::load_non_pointer_type<Archive>::invoke<T>(Archive &,T &)”的引用
          with
          [
              Archive=boost::mpi::packed_iarchive,
              T=const boost::serialization::nvp<Horizon>
          ]
D:\boost_1_82_0\boost\archive\detail\common_iarchive.hpp(67,18): message : 查看对正在编译的函数 模板 实例化“void boost::archive::load<Archive,T>(Archive &,T &)”的引用
          with
          [
              Archive=boost::mpi::packed_iarchive,
              T=const boost::serialization::nvp<Horizon>
          ]
D:\boost_1_82_0\boost\mpi\packed_iarchive.hpp(99,56): message : 查看对正在编译的函数 模板 实例化“void boost::archive::detail::common_iarchive<boost::mpi::packed_iarchive>::load_override<T>(T &)”的引用
          with
          [
              T=const boost::serialization::nvp<Horizon>
          ]
D:\boost_1_82_0\boost\mpi\packed_iarchive.hpp(116,5): message : 查看对正在编译的函数 模板 实例化“void boost::mpi::packed_iarchive::load_override<T>(T &,boost::mpl::false_)”的引用
          with
          [
              T=const boost::serialization::nvp<Horizon>
          ]
D:\boost_1_82_0\boost\archive\detail\interface_iarchive.hpp(68,21): message : 查看对正在编译的函数 模板 实例化“void boost::mpi::packed_iarchive::load_override<T>(T &)”的引用
          with
          [
              T=const boost::serialization::nvp<Horizon>
          ]
D:\boost_1_82_0\boost\serialization\collections_load_imp.hpp(72,12): message : 查看对正在编译的函数 模板 实例化“Archive &boost::archive::detail::interface_iarchive<Archive>::operator >><const boost::serialization::nvp<Horizon>>(T &)”的引用
          with
          [
              Archive=boost::mpi::packed_iarchive,
              T=const boost::serialization::nvp<Horizon>
          ]
D:\boost_1_82_0\boost\serialization\vector.hpp(90,10): message : 查看对正在编译的函数 模板 实例化“void boost::serialization::stl::collection_load_impl<Archive,std::vector<Horizon,std::allocator<Horizon>>>(Archive &,T &,boost::serialization::collection_size_type,boost::serialization::item_version_type)”的引用
          with
          [
              Archive=boost::mpi::packed_iarchive,
              T=std::vector<Horizon,std::allocator<Horizon>>
          ]
D:\boost_1_82_0\boost\serialization\vector.hpp(166,5): message : 查看对正在编译的函数 模板 实例化“void boost::serialization::load<Archive,Horizon,std::allocator<Horizon>>(Archive &,std::vector<Horizon,std::allocator<Horizon>> &,const unsigned int,boost::mpl::false_)”的引用
          with
          [
              Archive=boost::mpi::packed_iarchive
          ]
D:\boost_1_82_0\boost\serialization\split_free.hpp(58,9): message : 查看对正在编译的函数 模板 实例化“void boost::serialization::load<Archive,Horizon,std::allocator<Horizon>>(Archive &,std::vector<Horizon,std::allocator<Horizon>> &,const unsigned int)”的引用
          with
          [
              Archive=boost::mpi::packed_iarchive
          ]
D:\boost_1_82_0\boost\serialization\split_free.hpp(50,17): message : 在编译 类 模板 成员函数“void boost::serialization::free_loader<Archive,T>::invoke(Archive &,T &,const unsigned int)”时
          with
          [
              Archive=boost::mpi::packed_iarchive,
              T=std::vector<Horizon,std::allocator<Horizon>>
          ]
D:\boost_1_82_0\boost\serialization\split_free.hpp(74,18): message : 请参阅 "boost::serialization::split_free" 中对 "boost::serialization::free_loader<Archive,T>::invoke" 的第一个引用
          with
          [
              Archive=boost::mpi::packed_iarchive,
              T=std::vector<Horizon,std::allocator<Horizon>>
          ]
D:\boost_1_82_0\boost\serialization\split_free.hpp(74,1): message : 查看对正在编译的 类 模板 实例化“boost::serialization::free_loader<Archive,T>”的引用
          with
          [
              Archive=boost::mpi::packed_iarchive,
              T=std::vector<Horizon,std::allocator<Horizon>>
          ]
D:\boost_1_82_0\boost\serialization\vector.hpp(177,27): message : 查看对正在编译的函数 模板 实例化“void boost::serialization::split_free<Archive,std::vector<Horizon,std::allocator<Horizon>>>(Archive &,T &,const unsigned int)”的引用
          with
          [
              Archive=boost::mpi::packed_iarchive,
              T=std::vector<Horizon,std::allocator<Horizon>>
          ]
D:\boost_1_82_0\boost\serialization\serialization.hpp(109,5): message : 查看对正在编译的函数 模板 实例化“void boost::serialization::serialize<Archive,Horizon,std::allocator<Horizon>>(Archive &,std::vector<Horizon,std::allocator<Horizon>> &,const unsigned int)”的引用
          with
          [
              Archive=boost::mpi::packed_iarchive
          ]
D:\boost_1_82_0\boost\archive\detail\iserializer.hpp(189,27): message : 查看对正在编译的函数 模板 实例化“void boost::serialization::serialize_adl<Archive,T>(Archive &,T &,const unsigned int)”的引用
          with
          [
              Archive=boost::mpi::packed_iarchive,
              T=std::vector<Horizon,std::allocator<Horizon>>
          ]
D:\boost_1_82_0\boost\archive\detail\iserializer.hpp(171,9): message : 在编译 类 模板 成员函数“void boost::archive::detail::iserializer<Archive,T>::load_object_data(boost::archive::detail::basic_iarchive &,void *,const unsigned int) const”时
          with
          [
              Archive=boost::mpi::packed_iarchive,
              T=std::vector<Horizon,std::allocator<Horizon>>
          ]
D:\boost_1_82_0\boost\archive\detail\iserializer.hpp(415,38): message : 查看对正在编译的 类 模板 实例化“boost::archive::detail::iserializer<Archive,T>”的引用
          with
          [
              Archive=boost::mpi::packed_iarchive,
              T=std::vector<Horizon,std::allocator<Horizon>>
          ]
D:\boost_1_82_0\boost\archive\detail\iserializer.hpp(463,16): message : 查看对正在编译的函数 模板 实例化“void boost::archive::detail::load_non_pointer_type<Archive>::load_standard::invoke<T>(Archive &,const T &)”的引用
          with
          [
              Archive=boost::mpi::packed_iarchive,
              T=std::vector<Horizon,std::allocator<Horizon>>
          ]
D:\boost_1_82_0\boost\archive\detail\iserializer.hpp(626,12): message : 查看对正在编译的函数 模板 实例化“void boost::archive::detail::load_non_pointer_type<Archive>::invoke<T>(Archive &,T &)”的引用
          with
          [
              Archive=boost::mpi::packed_iarchive,
              T=std::vector<Horizon,std::allocator<Horizon>>
          ]
D:\boost_1_82_0\boost\archive\detail\common_iarchive.hpp(67,18): message : 查看对正在编译的函数 模板 实例化“void boost::archive::load<Archive,T>(Archive &,T &)”的引用
          with
          [
              Archive=boost::mpi::packed_iarchive,
              T=std::vector<Horizon,std::allocator<Horizon>>
          ]
D:\boost_1_82_0\boost\mpi\packed_iarchive.hpp(99,56): message : 查看对正在编译的函数 模板 实例化“void boost::archive::detail::common_iarchive<boost::mpi::packed_iarchive>::load_override<T>(T &)”的引用
          with
          [
              T=std::vector<Horizon,std::allocator<Horizon>>
          ]
D:\boost_1_82_0\boost\mpi\packed_iarchive.hpp(116,5): message : 查看对正在编译的函数 模板 实例化“void boost::mpi::packed_iarchive::load_override<T>(T &,boost::mpl::false_)”的引用
          with
          [
              T=std::vector<Horizon,std::allocator<Horizon>>
          ]
D:\boost_1_82_0\boost\archive\detail\interface_iarchive.hpp(68,21): message : 查看对正在编译的函数 模板 实例化“void boost::mpi::packed_iarchive::load_override<T>(T &)”的引用
          with
          [
              T=std::vector<Horizon,std::allocator<Horizon>>
          ]
D:\boost_1_82_0\boost\archive\detail\interface_iarchive.hpp(75,32): message : 查看对正在编译的函数 模板 实例化“Archive &boost::archive::detail::interface_iarchive<Archive>::operator >><T>(T &)”的引用
          with
          [
              Archive=boost::mpi::packed_iarchive,
              T=std::vector<Horizon,std::allocator<Horizon>>
          ]
C:\Users\qianxian\Documents\GitHub\PHG\PHG.cpp(65,15): message : 查看对正在编译的函数 模板 实例化“Archive &boost::archive::detail::interface_iarchive<Archive>::operator &<std::vector<Horizon,std::allocator<Horizon>>>(T &)”的引用
          with
          [
              Archive=boost::mpi::packed_iarchive,
              T=std::vector<Horizon,std::allocator<Horizon>>
          ]
D:\boost_1_82_0\boost\serialization\serialization.hpp(109,5): message : 查看对正在编译的函数 模板 实例化“void boost::serialization::serialize<Archive>(Archive &,Chromosome &,const unsigned int)”的引用
          with
          [
              Archive=boost::mpi::packed_iarchive
          ]
D:\boost_1_82_0\boost\archive\detail\iserializer.hpp(189,27): message : 查看对正在编译的函数 模板 实例化“void boost::serialization::serialize_adl<Archive,T>(Archive &,T &,const unsigned int)”的引用
          with
          [
              Archive=boost::mpi::packed_iarchive,
              T=Chromosome
          ]
D:\boost_1_82_0\boost\archive\detail\iserializer.hpp(171,9): message : 在编译 类 模板 成员函数“void boost::archive::detail::iserializer<Archive,T>::load_object_data(boost::archive::detail::basic_iarchive &,void *,const unsigned int) const”时
          with
          [
              Archive=boost::mpi::packed_iarchive,
              T=Chromosome
          ]
D:\boost_1_82_0\boost\archive\detail\iserializer.hpp(415,38): message : 查看对正在编译的 类 模板 实例化“boost::archive::detail::iserializer<Archive,T>”的引用
          with
          [
              Archive=boost::mpi::packed_iarchive,
              T=Chromosome
          ]
D:\boost_1_82_0\boost\archive\detail\iserializer.hpp(463,16): message : 查看对正在编译的函数 模板 实例化“void boost::archive::detail::load_non_pointer_type<Archive>::load_standard::invoke<T>(Archive &,const T &)”的引用
          with
          [
              Archive=boost::mpi::packed_iarchive,
              T=Chromosome
          ]
D:\boost_1_82_0\boost\archive\detail\iserializer.hpp(626,12): message : 查看对正在编译的函数 模板 实例化“void boost::archive::detail::load_non_pointer_type<Archive>::invoke<T>(Archive &,T &)”的引用
          with
          [
              Archive=boost::mpi::packed_iarchive,
              T=Chromosome
          ]
D:\boost_1_82_0\boost\archive\detail\common_iarchive.hpp(67,18): message : 查看对正在编译的函数 模板 实例化“void boost::archive::load<Archive,T>(Archive &,T &)”的引用
          with
          [
              Archive=boost::mpi::packed_iarchive,
              T=Chromosome
          ]
D:\boost_1_82_0\boost\mpi\packed_iarchive.hpp(99,56): message : 查看对正在编译的函数 模板 实例化“void boost::archive::detail::common_iarchive<boost::mpi::packed_iarchive>::load_override<T>(T &)”的引用
          with
          [
              T=Chromosome
          ]
D:\boost_1_82_0\boost\mpi\packed_iarchive.hpp(116,5): message : 查看对正在编译的函数 模板 实例化“void boost::mpi::packed_iarchive::load_override<T>(T &,boost::mpl::false_)”的引用
          with
          [
              T=Chromosome
          ]
D:\boost_1_82_0\boost\archive\detail\interface_iarchive.hpp(68,21): message : 查看对正在编译的函数 模板 实例化“void boost::mpi::packed_iarchive::load_override<T>(T &)”的引用
          with
          [
              T=Chromosome
          ]
D:\boost_1_82_0\boost\mpi\communicator.hpp(1381,6): message : 查看对正在编译的函数 模板 实例化“Archive &boost::archive::detail::interface_iarchive<Archive>::operator >><T>(T &)”的引用
          with
          [
              Archive=boost::mpi::packed_iarchive,
              T=Chromosome
          ]
D:\boost_1_82_0\boost\mpi\communicator.hpp(1391,14): message : 查看对正在编译的函数 模板 实例化“boost::mpi::status boost::mpi::communicator::recv_impl<T>(int,int,T &,boost::mpl::false_) const”的引用
          with
          [
              T=Chromosome
          ]
C:\Users\qianxian\Documents\GitHub\PHG\PHG.cpp(164,22): message : 查看对正在编译的函数 模板 实例化“boost::mpi::status boost::mpi::communicator::recv<Chromosome>(int,int,T &) const”的引用
          with
          [
              T=Chromosome
          ]
D:\boost_1_82_0\boost\mpi\detail\binary_buffer_oprimitive.hpp(68,41): warning C4267: “参数”: 从“size_t”转换到“int”，可能丢失数据
D:\boost_1_82_0\boost\serialization\array_wrapper.hpp(73,9): message : 查看对正在编译的函数 模板 实例化“void boost::mpi::binary_buffer_oprimitive::save_array<const U>(const boost::serialization::array_wrapper<const U> &,unsigned int)”的引用
          with
          [
              U=MPI_Datatype
          ]
D:\boost_1_82_0\boost\serialization\access.hpp(91,10): message : 查看对正在编译的函数 模板 实例化“void boost::serialization::array_wrapper<const U>::save<Archive>(Archive &,const unsigned int) const”的引用
          with
          [
              U=MPI_Datatype,
              Archive=boost::mpi::packed_oarchive
          ]
D:\boost_1_82_0\boost\serialization\split_member.hpp(43,21): message : 查看对正在编译的函数 模板 实例化“void boost::serialization::access::member_save<Archive,const T>(Archive &,T &,const unsigned int)”的引用
          with
          [
              Archive=boost::mpi::packed_oarchive,
              T=boost::serialization::array_wrapper<const MPI_Datatype>
          ]
D:\boost_1_82_0\boost\serialization\split_member.hpp(38,21): message : 在编译 类 模板 成员函数“void boost::serialization::detail::member_saver<Archive,T>::invoke(Archive &,const T &,const unsigned int)”时
          with
          [
              Archive=boost::mpi::packed_oarchive,
              T=boost::serialization::array_wrapper<const MPI_Datatype>
          ]
D:\boost_1_82_0\boost\serialization\split_member.hpp(69,18): message : 请参阅 "boost::serialization::split_member" 中对 "boost::serialization::detail::member_saver<Archive,T>::invoke" 的第一个引用
          with
          [
              Archive=boost::mpi::packed_oarchive,
              T=boost::serialization::array_wrapper<const MPI_Datatype>
          ]
D:\boost_1_82_0\boost\serialization\split_member.hpp(69,1): message : 查看对正在编译的 类 模板 实例化“boost::serialization::detail::member_saver<Archive,T>”的引用
          with
          [
              Archive=boost::mpi::packed_oarchive,
              T=boost::serialization::array_wrapper<const MPI_Datatype>
          ]
D:\boost_1_82_0\boost\serialization\array_wrapper.hpp(66,29): message : 查看对正在编译的函数 模板 实例化“void boost::serialization::split_member<Archive,boost::serialization::array_wrapper<const U>>(Archive &,T &,const unsigned int)”的引用
          with
          [
              Archive=boost::mpi::packed_oarchive,
              U=MPI_Datatype,
              T=boost::serialization::array_wrapper<const MPI_Datatype>
          ]
D:\boost_1_82_0\boost\serialization\array_wrapper.hpp(91,7): message : 查看对正在编译的函数 模板 实例化“void boost::serialization::array_wrapper<const U>::serialize_optimized<Archive>(Archive &,const unsigned int,boost::mpl::true_)”的引用
          with
          [
              U=MPI_Datatype,
              Archive=boost::mpi::packed_oarchive
          ]
D:\boost_1_82_0\boost\serialization\access.hpp(116,10): message : 查看对正在编译的函数 模板 实例化“void boost::serialization::array_wrapper<const U>::serialize<Archive>(Archive &,const unsigned int)”的引用
          with
          [
              U=MPI_Datatype,
              Archive=boost::mpi::packed_oarchive
          ]
D:\boost_1_82_0\boost\serialization\serialization.hpp(59,13): message : 查看对正在编译的函数 模板 实例化“void boost::serialization::access::serialize<Archive,T>(Archive &,T &,const unsigned int)”的引用
          with
          [
              Archive=boost::mpi::packed_oarchive,
              T=boost::serialization::array_wrapper<const MPI_Datatype>
          ]
D:\boost_1_82_0\boost\serialization\serialization.hpp(109,5): message : 查看对正在编译的函数 模板 实例化“void boost::serialization::serialize<Archive,T>(Archive &,T &,const unsigned int)”的引用
          with
          [
              Archive=boost::mpi::packed_oarchive,
              T=boost::serialization::array_wrapper<const MPI_Datatype>
          ]
D:\boost_1_82_0\boost\archive\detail\oserializer.hpp(248,35): message : 查看对正在编译的函数 模板 实例化“void boost::serialization::serialize_adl<Archive,T>(Archive &,T &,const unsigned int)”的引用
          with
          [
              Archive=boost::mpi::packed_oarchive,
              T=boost::serialization::array_wrapper<const MPI_Datatype>
          ]
D:\boost_1_82_0\boost\archive\detail\oserializer.hpp(317,16): message : 查看对正在编译的函数 模板 实例化“void boost::archive::detail::save_non_pointer_type<Archive>::save_only::invoke<T>(Archive &,const T &)”的引用
          with
          [
              Archive=boost::mpi::packed_oarchive,
              T=boost::serialization::array_wrapper<const MPI_Datatype>
          ]
D:\boost_1_82_0\boost\archive\detail\oserializer.hpp(541,12): message : 查看对正在编译的函数 模板 实例化“void boost::archive::detail::save_non_pointer_type<Archive>::invoke<const T>(Archive &,const T &)”的引用
          with
          [
              Archive=boost::mpi::packed_oarchive,
              T=boost::serialization::array_wrapper<const MPI_Datatype>
          ]
D:\boost_1_82_0\boost\archive\detail\common_oarchive.hpp(71,18): message : 查看对正在编译的函数 模板 实例化“void boost::archive::save<Archive,T>(Archive &,T &)”的引用
          with
          [
              Archive=boost::mpi::packed_oarchive,
              T=boost::serialization::array_wrapper<const MPI_Datatype>
          ]
D:\boost_1_82_0\boost\mpi\packed_oarchive.hpp(97,56): message : 查看对正在编译的函数 模板 实例化“void boost::archive::detail::common_oarchive<boost::mpi::packed_oarchive>::save_override<const T>(T &)”的引用
          with
          [
              T=boost::serialization::array_wrapper<const MPI_Datatype>
          ]
D:\boost_1_82_0\boost\mpi\packed_oarchive.hpp(112,5): message : 查看对正在编译的函数 模板 实例化“void boost::mpi::packed_oarchive::save_override<T>(const T &,boost::mpl::false_)”的引用
          with
          [
              T=boost::serialization::array_wrapper<const MPI_Datatype>
          ]
D:\boost_1_82_0\boost\archive\detail\interface_oarchive.hpp(70,21): message : 查看对正在编译的函数 模板 实例化“void boost::mpi::packed_oarchive::save_override<T>(const T &)”的引用
          with
          [
              T=boost::serialization::array_wrapper<const MPI_Datatype>
          ]
D:\boost_1_82_0\boost\serialization\vector.hpp(106,12): message : 查看对正在编译的函数 模板 实例化“Archive &boost::archive::detail::interface_oarchive<Archive>::operator <<<boost::serialization::array_wrapper<const U>>(const T &)”的引用
          with
          [
              Archive=boost::mpi::packed_oarchive,
              U=MPI_Datatype,
              T=boost::serialization::array_wrapper<const MPI_Datatype>
          ]
D:\boost_1_82_0\boost\serialization\vector.hpp(146,5): message : 查看对正在编译的函数 模板 实例化“void boost::serialization::save<Archive,MPI_Datatype,std::allocator<MPI_Datatype>>(Archive &,const std::vector<MPI_Datatype,std::allocator<MPI_Datatype>> &,const unsigned int,boost::mpl::true_)”的引用
          with
          [
              Archive=boost::mpi::packed_oarchive
          ]
D:\boost_1_82_0\boost\serialization\split_free.hpp(45,9): message : 查看对正在编译的函数 模板 实例化“void boost::serialization::save<Archive,MPI_Datatype,std::allocator<MPI_Datatype>>(Archive &,const std::vector<MPI_Datatype,std::allocator<MPI_Datatype>> &,const unsigned int)”的引用
          with
          [
              Archive=boost::mpi::packed_oarchive
          ]
D:\boost_1_82_0\boost\serialization\split_free.hpp(37,17): message : 在编译 类 模板 成员函数“void boost::serialization::free_saver<Archive,T>::invoke(Archive &,const T &,const unsigned int)”时
          with
          [
              Archive=boost::mpi::packed_oarchive,
              T=std::vector<MPI_Datatype,std::allocator<MPI_Datatype>>
          ]
D:\boost_1_82_0\boost\serialization\split_free.hpp(74,18): message : 请参阅 "boost::serialization::split_free" 中对 "boost::serialization::free_saver<Archive,T>::invoke" 的第一个引用
          with
          [
              Archive=boost::mpi::packed_oarchive,
              T=std::vector<MPI_Datatype,std::allocator<MPI_Datatype>>
          ]
D:\boost_1_82_0\boost\serialization\split_free.hpp(74,1): message : 查看对正在编译的 类 模板 实例化“boost::serialization::free_saver<Archive,T>”的引用
          with
          [
              Archive=boost::mpi::packed_oarchive,
              T=std::vector<MPI_Datatype,std::allocator<MPI_Datatype>>
          ]
D:\boost_1_82_0\boost\serialization\vector.hpp(177,27): message : 查看对正在编译的函数 模板 实例化“void boost::serialization::split_free<Archive,std::vector<MPI_Datatype,std::allocator<MPI_Datatype>>>(Archive &,T &,const unsigned int)”的引用
          with
          [
              Archive=boost::mpi::packed_oarchive,
              T=std::vector<MPI_Datatype,std::allocator<MPI_Datatype>>
          ]
D:\boost_1_82_0\boost\serialization\serialization.hpp(109,5): message : 查看对正在编译的函数 模板 实例化“void boost::serialization::serialize<Archive,MPI_Datatype,std::allocator<MPI_Datatype>>(Archive &,std::vector<MPI_Datatype,std::allocator<MPI_Datatype>> &,const unsigned int)”的引用
          with
          [
              Archive=boost::mpi::packed_oarchive
          ]
D:\boost_1_82_0\boost\archive\detail\oserializer.hpp(155,27): message : 查看对正在编译的函数 模板 实例化“void boost::serialization::serialize_adl<Archive,T>(Archive &,T &,const unsigned int)”的引用
          with
          [
              Archive=boost::mpi::packed_oarchive,
              T=std::vector<MPI_Datatype,std::allocator<MPI_Datatype>>
          ]
D:\boost_1_82_0\boost\archive\detail\oserializer.hpp(151,9): message : 在编译 类 模板 成员函数“void boost::archive::detail::oserializer<Archive,T>::save_object_data(boost::archive::detail::basic_oarchive &,const void *) const”时
          with
          [
              Archive=boost::mpi::packed_oarchive,
              T=std::vector<MPI_Datatype,std::allocator<MPI_Datatype>>
          ]
D:\boost_1_82_0\boost\archive\detail\oserializer.hpp(264,38): message : 查看对正在编译的 类 模板 实例化“boost::archive::detail::oserializer<Archive,T>”的引用
          with
          [
              Archive=boost::mpi::packed_oarchive,
              T=std::vector<MPI_Datatype,std::allocator<MPI_Datatype>>
          ]
D:\boost_1_82_0\boost\archive\detail\oserializer.hpp(277,32): message : 查看对正在编译的函数 模板 实例化“void boost::archive::detail::save_non_pointer_type<Archive>::save_standard::invoke<T>(Archive &,const T &)”的引用
          with
          [
              Archive=boost::mpi::packed_oarchive,
              T=std::vector<MPI_Datatype,std::allocator<MPI_Datatype>>
          ]
D:\boost_1_82_0\boost\archive\detail\oserializer.hpp(317,16): message : 查看对正在编译的函数 模板 实例化“void boost::archive::detail::save_non_pointer_type<Archive>::save_conditional::invoke<T>(Archive &,const T &)”的引用
          with
          [
              Archive=boost::mpi::packed_oarchive,
              T=std::vector<MPI_Datatype,std::allocator<MPI_Datatype>>
          ]
D:\boost_1_82_0\boost\archive\detail\oserializer.hpp(541,12): message : 查看对正在编译的函数 模板 实例化“void boost::archive::detail::save_non_pointer_type<Archive>::invoke<const T>(Archive &,const T &)”的引用
          with
          [
              Archive=boost::mpi::packed_oarchive,
              T=std::vector<MPI_Datatype,std::allocator<MPI_Datatype>>
          ]
D:\boost_1_82_0\boost\archive\detail\common_oarchive.hpp(71,18): message : 查看对正在编译的函数 模板 实例化“void boost::archive::save<Archive,T>(Archive &,T &)”的引用
          with
          [
              Archive=boost::mpi::packed_oarchive,
              T=std::vector<MPI_Datatype,std::allocator<MPI_Datatype>>
          ]
D:\boost_1_82_0\boost\mpi\packed_oarchive.hpp(97,56): message : 查看对正在编译的函数 模板 实例化“void boost::archive::detail::common_oarchive<boost::mpi::packed_oarchive>::save_override<const T>(T &)”的引用
          with
          [
              T=std::vector<MPI_Datatype,std::allocator<MPI_Datatype>>
          ]
D:\boost_1_82_0\boost\mpi\packed_oarchive.hpp(112,5): message : 查看对正在编译的函数 模板 实例化“void boost::mpi::packed_oarchive::save_override<T>(const T &,boost::mpl::false_)”的引用
          with
          [
              T=std::vector<MPI_Datatype,std::allocator<MPI_Datatype>>
          ]
D:\boost_1_82_0\boost\archive\detail\interface_oarchive.hpp(70,21): message : 查看对正在编译的函数 模板 实例化“void boost::mpi::packed_oarchive::save_override<T>(const T &)”的引用
          with
          [
              T=std::vector<MPI_Datatype,std::allocator<MPI_Datatype>>
          ]
D:\boost_1_82_0\boost\archive\detail\interface_oarchive.hpp(77,32): message : 查看对正在编译的函数 模板 实例化“Archive &boost::archive::detail::interface_oarchive<Archive>::operator <<<T>(const T &)”的引用
          with
          [
              Archive=boost::mpi::packed_oarchive,
              T=std::vector<MPI_Datatype,std::allocator<MPI_Datatype>>
          ]
C:\Users\qianxian\Documents\GitHub\PHG\PHG.cpp(61,15): message : 查看对正在编译的函数 模板 实例化“Archive &boost::archive::detail::interface_oarchive<Archive>::operator &<std::vector<MPI_Datatype,std::allocator<MPI_Datatype>>>(const T &)”的引用
          with
          [
              Archive=boost::mpi::packed_oarchive,
              T=std::vector<MPI_Datatype,std::allocator<MPI_Datatype>>
          ]
D:\boost_1_82_0\boost\serialization\serialization.hpp(109,5): message : 查看对正在编译的函数 模板 实例化“void boost::serialization::serialize<Archive>(Archive &,Horizon &,const unsigned int)”的引用
          with
          [
              Archive=boost::mpi::packed_oarchive
          ]
D:\boost_1_82_0\boost\archive\detail\oserializer.hpp(155,27): message : 查看对正在编译的函数 模板 实例化“void boost::serialization::serialize_adl<Archive,T>(Archive &,T &,const unsigned int)”的引用
          with
          [
              Archive=boost::mpi::packed_oarchive,
              T=const Horizon
          ]
D:\boost_1_82_0\boost\archive\detail\oserializer.hpp(151,9): message : 在编译 类 模板 成员函数“void boost::archive::detail::oserializer<Archive,T>::save_object_data(boost::archive::detail::basic_oarchive &,const void *) const”时
          with
          [
              Archive=boost::mpi::packed_oarchive,
              T=const Horizon
          ]
D:\boost_1_82_0\boost\archive\detail\oserializer.hpp(264,38): message : 查看对正在编译的 类 模板 实例化“boost::archive::detail::oserializer<Archive,T>”的引用
          with
          [
              Archive=boost::mpi::packed_oarchive,
              T=const Horizon
          ]
D:\boost_1_82_0\boost\archive\detail\oserializer.hpp(317,16): message : 查看对正在编译的函数 模板 实例化“void boost::archive::detail::save_non_pointer_type<Archive>::save_standard::invoke<T>(Archive &,const T &)”的引用
          with
          [
              Archive=boost::mpi::packed_oarchive,
              T=const Horizon
          ]
D:\boost_1_82_0\boost\archive\detail\oserializer.hpp(541,12): message : 查看对正在编译的函数 模板 实例化“void boost::archive::detail::save_non_pointer_type<Archive>::invoke<const T>(Archive &,const T &)”的引用
          with
          [
              Archive=boost::mpi::packed_oarchive,
              T=const Horizon
          ]
D:\boost_1_82_0\boost\archive\detail\common_oarchive.hpp(71,18): message : 查看对正在编译的函数 模板 实例化“void boost::archive::save<Archive,T>(Archive &,T &)”的引用
          with
          [
              Archive=boost::mpi::packed_oarchive,
              T=const Horizon
          ]
D:\boost_1_82_0\boost\mpi\packed_oarchive.hpp(97,56): message : 查看对正在编译的函数 模板 实例化“void boost::archive::detail::common_oarchive<boost::mpi::packed_oarchive>::save_override<const T>(T &)”的引用
          with
          [
              T=const Horizon
          ]
D:\boost_1_82_0\boost\mpi\packed_oarchive.hpp(112,5): message : 查看对正在编译的函数 模板 实例化“void boost::mpi::packed_oarchive::save_override<T>(const T &,boost::mpl::false_)”的引用
          with
          [
              T=const Horizon
          ]
D:\boost_1_82_0\boost\archive\detail\interface_oarchive.hpp(70,21): message : 查看对正在编译的函数 模板 实例化“void boost::mpi::packed_oarchive::save_override<T>(const T &)”的引用
          with
          [
              T=const Horizon
          ]
D:\boost_1_82_0\boost\serialization\nvp.hpp(48,8): message : 查看对正在编译的函数 模板 实例化“Archive &boost::archive::detail::interface_oarchive<Archive>::operator <<<const T>(const T &)”的引用
          with
          [
              Archive=boost::mpi::packed_oarchive,
              T=const Horizon
          ]
D:\boost_1_82_0\boost\serialization\split_free.hpp(45,9): message : 查看对正在编译的函数 模板 实例化“void boost::serialization::save<Archive,const Horizon>(Archive &,const boost::serialization::nvp<const Horizon> &,const unsigned int)”的引用
          with
          [
              Archive=boost::mpi::packed_oarchive
          ]
D:\boost_1_82_0\boost\serialization\split_free.hpp(37,17): message : 在编译 类 模板 成员函数“void boost::serialization::free_saver<Archive,T>::invoke(Archive &,const T &,const unsigned int)”时
          with
          [
              Archive=boost::mpi::packed_oarchive,
              T=boost::serialization::nvp<const Horizon>
          ]
D:\boost_1_82_0\boost\serialization\split_free.hpp(74,18): message : 请参阅 "boost::serialization::split_free" 中对 "boost::serialization::free_saver<Archive,T>::invoke" 的第一个引用
          with
          [
              Archive=boost::mpi::packed_oarchive,
              T=boost::serialization::nvp<const Horizon>
          ]
D:\boost_1_82_0\boost\serialization\split_free.hpp(74,1): message : 查看对正在编译的 类 模板 实例化“boost::serialization::free_saver<Archive,T>”的引用
          with
          [
              Archive=boost::mpi::packed_oarchive,
              T=boost::serialization::nvp<const Horizon>
          ]
D:\boost_1_82_0\boost\serialization\nvp.hpp(65,5): message : 查看对正在编译的函数 模板 实例化“void boost::serialization::split_free<Archive,boost::serialization::nvp<const Horizon>>(Archive &,T &,const unsigned int)”的引用
          with
          [
              Archive=boost::mpi::packed_oarchive,
              T=boost::serialization::nvp<const Horizon>
          ]
D:\boost_1_82_0\boost\serialization\serialization.hpp(109,5): message : 查看对正在编译的函数 模板 实例化“void boost::serialization::serialize<Archive,const Horizon>(Archive &,boost::serialization::nvp<const Horizon> &,const unsigned int)”的引用
          with
          [
              Archive=boost::mpi::packed_oarchive
          ]
D:\boost_1_82_0\boost\archive\detail\oserializer.hpp(248,35): message : 查看对正在编译的函数 模板 实例化“void boost::serialization::serialize_adl<Archive,T>(Archive &,T &,const unsigned int)”的引用
          with
          [
              Archive=boost::mpi::packed_oarchive,
              T=boost::serialization::nvp<const Horizon>
          ]
D:\boost_1_82_0\boost\archive\detail\oserializer.hpp(317,16): message : 查看对正在编译的函数 模板 实例化“void boost::archive::detail::save_non_pointer_type<Archive>::save_only::invoke<T>(Archive &,const T &)”的引用
          with
          [
              Archive=boost::mpi::packed_oarchive,
              T=boost::serialization::nvp<const Horizon>
          ]
D:\boost_1_82_0\boost\archive\detail\oserializer.hpp(541,12): message : 查看对正在编译的函数 模板 实例化“void boost::archive::detail::save_non_pointer_type<Archive>::invoke<const T>(Archive &,const T &)”的引用
          with
          [
              Archive=boost::mpi::packed_oarchive,
              T=boost::serialization::nvp<const Horizon>
          ]
D:\boost_1_82_0\boost\archive\detail\common_oarchive.hpp(71,18): message : 查看对正在编译的函数 模板 实例化“void boost::archive::save<Archive,T>(Archive &,T &)”的引用
          with
          [
              Archive=boost::mpi::packed_oarchive,
              T=boost::serialization::nvp<const Horizon>
          ]
D:\boost_1_82_0\boost\mpi\packed_oarchive.hpp(97,56): message : 查看对正在编译的函数 模板 实例化“void boost::archive::detail::common_oarchive<boost::mpi::packed_oarchive>::save_override<const T>(T &)”的引用
          with
          [
              T=boost::serialization::nvp<const Horizon>
          ]
D:\boost_1_82_0\boost\mpi\packed_oarchive.hpp(112,5): message : 查看对正在编译的函数 模板 实例化“void boost::mpi::packed_oarchive::save_override<T>(const T &,boost::mpl::false_)”的引用
          with
          [
              T=boost::serialization::nvp<const Horizon>
          ]
D:\boost_1_82_0\boost\archive\detail\interface_oarchive.hpp(70,21): message : 查看对正在编译的函数 模板 实例化“void boost::mpi::packed_oarchive::save_override<T>(const T &)”的引用
          with
          [
              T=boost::serialization::nvp<const Horizon>
          ]
D:\boost_1_82_0\boost\serialization\collections_save_imp.hpp(59,12): message : 查看对正在编译的函数 模板 实例化“Archive &boost::archive::detail::interface_oarchive<Archive>::operator <<<boost::serialization::nvp<const Horizon>>(const T &)”的引用
          with
          [
              Archive=boost::mpi::packed_oarchive,
              T=boost::serialization::nvp<const Horizon>
          ]
D:\boost_1_82_0\boost\serialization\collections_save_imp.hpp(68,5): message : 查看对正在编译的函数 模板 实例化“void boost::serialization::stl::save_collection<Archive,Container>(Archive &,const Container &,boost::serialization::collection_size_type)”的引用
          with
          [
              Archive=boost::mpi::packed_oarchive,
              Container=std::vector<Horizon,std::allocator<Horizon>>
          ]
D:\boost_1_82_0\boost\serialization\vector.hpp(67,32): message : 查看对正在编译的函数 模板 实例化“void boost::serialization::stl::save_collection<Archive,std::vector<Horizon,std::allocator<Horizon>>>(Archive &,const Container &)”的引用
          with
          [
              Archive=boost::mpi::packed_oarchive,
              Container=std::vector<Horizon,std::allocator<Horizon>>
          ]
D:\boost_1_82_0\boost\serialization\vector.hpp(146,5): message : 查看对正在编译的函数 模板 实例化“void boost::serialization::save<Archive,Horizon,std::allocator<Horizon>>(Archive &,const std::vector<Horizon,std::allocator<Horizon>> &,const unsigned int,boost::mpl::false_)”的引用
          with
          [
              Archive=boost::mpi::packed_oarchive
          ]
D:\boost_1_82_0\boost\serialization\split_free.hpp(45,9): message : 查看对正在编译的函数 模板 实例化“void boost::serialization::save<Archive,Horizon,std::allocator<Horizon>>(Archive &,const std::vector<Horizon,std::allocator<Horizon>> &,const unsigned int)”的引用
          with
          [
              Archive=boost::mpi::packed_oarchive
          ]
D:\boost_1_82_0\boost\serialization\split_free.hpp(37,17): message : 在编译 类 模板 成员函数“void boost::serialization::free_saver<Archive,T>::invoke(Archive &,const T &,const unsigned int)”时
          with
          [
              Archive=boost::mpi::packed_oarchive,
              T=std::vector<Horizon,std::allocator<Horizon>>
          ]
D:\boost_1_82_0\boost\serialization\split_free.hpp(74,18): message : 请参阅 "boost::serialization::split_free" 中对 "boost::serialization::free_saver<Archive,T>::invoke" 的第一个引用
          with
          [
              Archive=boost::mpi::packed_oarchive,
              T=std::vector<Horizon,std::allocator<Horizon>>
          ]
D:\boost_1_82_0\boost\serialization\split_free.hpp(74,1): message : 查看对正在编译的 类 模板 实例化“boost::serialization::free_saver<Archive,T>”的引用
          with
          [
              Archive=boost::mpi::packed_oarchive,
              T=std::vector<Horizon,std::allocator<Horizon>>
          ]
D:\boost_1_82_0\boost\serialization\vector.hpp(177,27): message : 查看对正在编译的函数 模板 实例化“void boost::serialization::split_free<Archive,std::vector<Horizon,std::allocator<Horizon>>>(Archive &,T &,const unsigned int)”的引用
          with
          [
              Archive=boost::mpi::packed_oarchive,
              T=std::vector<Horizon,std::allocator<Horizon>>
          ]
D:\boost_1_82_0\boost\serialization\serialization.hpp(109,5): message : 查看对正在编译的函数 模板 实例化“void boost::serialization::serialize<Archive,Horizon,std::allocator<Horizon>>(Archive &,std::vector<Horizon,std::allocator<Horizon>> &,const unsigned int)”的引用
          with
          [
              Archive=boost::mpi::packed_oarchive
          ]
D:\boost_1_82_0\boost\archive\detail\oserializer.hpp(155,27): message : 查看对正在编译的函数 模板 实例化“void boost::serialization::serialize_adl<Archive,T>(Archive &,T &,const unsigned int)”的引用
          with
          [
              Archive=boost::mpi::packed_oarchive,
              T=std::vector<Horizon,std::allocator<Horizon>>
          ]
D:\boost_1_82_0\boost\archive\detail\oserializer.hpp(151,9): message : 在编译 类 模板 成员函数“void boost::archive::detail::oserializer<Archive,T>::save_object_data(boost::archive::detail::basic_oarchive &,const void *) const”时
          with
          [
              Archive=boost::mpi::packed_oarchive,
              T=std::vector<Horizon,std::allocator<Horizon>>
          ]
D:\boost_1_82_0\boost\archive\detail\oserializer.hpp(264,38): message : 查看对正在编译的 类 模板 实例化“boost::archive::detail::oserializer<Archive,T>”的引用
          with
          [
              Archive=boost::mpi::packed_oarchive,
              T=std::vector<Horizon,std::allocator<Horizon>>
          ]
D:\boost_1_82_0\boost\archive\detail\oserializer.hpp(317,16): message : 查看对正在编译的函数 模板 实例化“void boost::archive::detail::save_non_pointer_type<Archive>::save_standard::invoke<T>(Archive &,const T &)”的引用
          with
          [
              Archive=boost::mpi::packed_oarchive,
              T=std::vector<Horizon,std::allocator<Horizon>>
          ]
D:\boost_1_82_0\boost\archive\detail\oserializer.hpp(541,12): message : 查看对正在编译的函数 模板 实例化“void boost::archive::detail::save_non_pointer_type<Archive>::invoke<const T>(Archive &,const T &)”的引用
          with
          [
              Archive=boost::mpi::packed_oarchive,
              T=std::vector<Horizon,std::allocator<Horizon>>
          ]
D:\boost_1_82_0\boost\archive\detail\common_oarchive.hpp(71,18): message : 查看对正在编译的函数 模板 实例化“void boost::archive::save<Archive,T>(Archive &,T &)”的引用
          with
          [
              Archive=boost::mpi::packed_oarchive,
              T=std::vector<Horizon,std::allocator<Horizon>>
          ]
D:\boost_1_82_0\boost\mpi\packed_oarchive.hpp(97,56): message : 查看对正在编译的函数 模板 实例化“void boost::archive::detail::common_oarchive<boost::mpi::packed_oarchive>::save_override<const T>(T &)”的引用
          with
          [
              T=std::vector<Horizon,std::allocator<Horizon>>
          ]
D:\boost_1_82_0\boost\mpi\packed_oarchive.hpp(112,5): message : 查看对正在编译的函数 模板 实例化“void boost::mpi::packed_oarchive::save_override<T>(const T &,boost::mpl::false_)”的引用
          with
          [
              T=std::vector<Horizon,std::allocator<Horizon>>
          ]
D:\boost_1_82_0\boost\archive\detail\interface_oarchive.hpp(70,21): message : 查看对正在编译的函数 模板 实例化“void boost::mpi::packed_oarchive::save_override<T>(const T &)”的引用
          with
          [
              T=std::vector<Horizon,std::allocator<Horizon>>
          ]
D:\boost_1_82_0\boost\archive\detail\interface_oarchive.hpp(77,32): message : 查看对正在编译的函数 模板 实例化“Archive &boost::archive::detail::interface_oarchive<Archive>::operator <<<T>(const T &)”的引用
          with
          [
              Archive=boost::mpi::packed_oarchive,
              T=std::vector<Horizon,std::allocator<Horizon>>
          ]
C:\Users\qianxian\Documents\GitHub\PHG\PHG.cpp(65,15): message : 查看对正在编译的函数 模板 实例化“Archive &boost::archive::detail::interface_oarchive<Archive>::operator &<std::vector<Horizon,std::allocator<Horizon>>>(const T &)”的引用
          with
          [
              Archive=boost::mpi::packed_oarchive,
              T=std::vector<Horizon,std::allocator<Horizon>>
          ]
D:\boost_1_82_0\boost\serialization\serialization.hpp(109,5): message : 查看对正在编译的函数 模板 实例化“void boost::serialization::serialize<Archive>(Archive &,Chromosome &,const unsigned int)”的引用
          with
          [
              Archive=boost::mpi::packed_oarchive
          ]
D:\boost_1_82_0\boost\archive\detail\oserializer.hpp(155,27): message : 查看对正在编译的函数 模板 实例化“void boost::serialization::serialize_adl<Archive,T>(Archive &,T &,const unsigned int)”的引用
          with
          [
              Archive=boost::mpi::packed_oarchive,
              T=Chromosome
          ]
D:\boost_1_82_0\boost\archive\detail\oserializer.hpp(151,9): message : 在编译 类 模板 成员函数“void boost::archive::detail::oserializer<Archive,T>::save_object_data(boost::archive::detail::basic_oarchive &,const void *) const”时
          with
          [
              Archive=boost::mpi::packed_oarchive,
              T=Chromosome
          ]
D:\boost_1_82_0\boost\archive\detail\oserializer.hpp(264,38): message : 查看对正在编译的 类 模板 实例化“boost::archive::detail::oserializer<Archive,T>”的引用
          with
          [
              Archive=boost::mpi::packed_oarchive,
              T=Chromosome
          ]
D:\boost_1_82_0\boost\archive\detail\oserializer.hpp(317,16): message : 查看对正在编译的函数 模板 实例化“void boost::archive::detail::save_non_pointer_type<Archive>::save_standard::invoke<T>(Archive &,const T &)”的引用
          with
          [
              Archive=boost::mpi::packed_oarchive,
              T=Chromosome
          ]
D:\boost_1_82_0\boost\archive\detail\oserializer.hpp(541,12): message : 查看对正在编译的函数 模板 实例化“void boost::archive::detail::save_non_pointer_type<Archive>::invoke<const T>(Archive &,const T &)”的引用
          with
          [
              Archive=boost::mpi::packed_oarchive,
              T=Chromosome
          ]
D:\boost_1_82_0\boost\archive\detail\common_oarchive.hpp(71,18): message : 查看对正在编译的函数 模板 实例化“void boost::archive::save<Archive,T>(Archive &,T &)”的引用
          with
          [
              Archive=boost::mpi::packed_oarchive,
              T=Chromosome
          ]
D:\boost_1_82_0\boost\mpi\packed_oarchive.hpp(97,56): message : 查看对正在编译的函数 模板 实例化“void boost::archive::detail::common_oarchive<boost::mpi::packed_oarchive>::save_override<const T>(T &)”的引用
          with
          [
              T=Chromosome
          ]
D:\boost_1_82_0\boost\mpi\packed_oarchive.hpp(112,5): message : 查看对正在编译的函数 模板 实例化“void boost::mpi::packed_oarchive::save_override<T>(const T &,boost::mpl::false_)”的引用
          with
          [
              T=Chromosome
          ]
D:\boost_1_82_0\boost\archive\detail\interface_oarchive.hpp(70,21): message : 查看对正在编译的函数 模板 实例化“void boost::mpi::packed_oarchive::save_override<T>(const T &)”的引用
          with
          [
              T=Chromosome
          ]
D:\boost_1_82_0\boost\mpi\communicator.hpp(1279,6): message : 查看对正在编译的函数 模板 实例化“Archive &boost::archive::detail::interface_oarchive<Archive>::operator <<<T>(const T &)”的引用
          with
          [
              Archive=boost::mpi::packed_oarchive,
              T=Chromosome
          ]
D:\boost_1_82_0\boost\mpi\communicator.hpp(1288,7): message : 查看对正在编译的函数 模板 实例化“void boost::mpi::communicator::send_impl<T>(int,int,const T &,boost::mpl::false_) const”的引用
          with
          [
              T=Chromosome
          ]
C:\Users\qianxian\Documents\GitHub\PHG\PHG.cpp(156,22): message : 查看对正在编译的函数 模板 实例化“void boost::mpi::communicator::send<Chromosome>(int,int,const T &) const”的引用
          with
          [
              T=Chromosome
          ]
LINK : warning LNK4075: 忽略“/INCREMENTAL”(由于“/OPT:ICF”规范)
    正在创建库 C:\Users\qianxian\Documents\GitHub\PHG\x64\Release\PHG.lib 和对象 C:\Users\qianxian\Documents\GitHub\PHG\x64\Release\PHG.exp
  PHG.vcxproj -> C:\Users\qianxian\Documents\GitHub\PHG\x64\Release\PHG.exe
